{"/Users/newexpand/Documents/pro-monorepo/next-type-fetch-all/next-type-fetch/packages/react/src/index.ts": {"path":"/Users/newexpand/Documents/pro-monorepo/next-type-fetch-all/next-type-fetch/packages/react/src/index.ts","all":false,"statementMap":{"1":{"start":{"line":2,"column":0},"end":{"line":2,"column":40}},"4":{"start":{"line":5,"column":0},"end":{"line":5,"column":45}},"5":{"start":{"line":6,"column":0},"end":{"line":6,"column":51}},"8":{"start":{"line":9,"column":0},"end":{"line":9,"column":8}}},"s":{"1":1,"4":1,"5":1,"8":1},"branchMap":{},"b":{},"fnMap":{},"f":{}}
,"/Users/newexpand/Documents/pro-monorepo/next-type-fetch-all/next-type-fetch/packages/react/src/query-client-provider.tsx": {"path":"/Users/newexpand/Documents/pro-monorepo/next-type-fetch-all/next-type-fetch/packages/react/src/query-client-provider.tsx","all":false,"statementMap":{"0":{"start":{"line":1,"column":0},"end":{"line":1,"column":65}},"3":{"start":{"line":4,"column":0},"end":{"line":4,"column":57}},"5":{"start":{"line":6,"column":0},"end":{"line":6,"column":67}},"7":{"start":{"line":8,"column":0},"end":{"line":8,"column":35}},"8":{"start":{"line":9,"column":0},"end":{"line":9,"column":8}},"9":{"start":{"line":10,"column":0},"end":{"line":10,"column":11}},"10":{"start":{"line":11,"column":0},"end":{"line":11,"column":4}},"13":{"start":{"line":14,"column":0},"end":{"line":14,"column":4}},"14":{"start":{"line":15,"column":0},"end":{"line":15,"column":34}},"15":{"start":{"line":16,"column":0},"end":{"line":16,"column":36}},"18":{"start":{"line":19,"column":0},"end":{"line":19,"column":38}},"19":{"start":{"line":20,"column":0},"end":{"line":20,"column":26}},"20":{"start":{"line":21,"column":0},"end":{"line":21,"column":31}},"21":{"start":{"line":22,"column":0},"end":{"line":22,"column":3}},"23":{"start":{"line":24,"column":0},"end":{"line":24,"column":25}},"24":{"start":{"line":25,"column":0},"end":{"line":25,"column":1}},"44":{"start":{"line":45,"column":0},"end":{"line":45,"column":37}},"45":{"start":{"line":46,"column":0},"end":{"line":46,"column":9}},"46":{"start":{"line":47,"column":0},"end":{"line":47,"column":10}},"47":{"start":{"line":48,"column":0},"end":{"line":48,"column":20}},"48":{"start":{"line":49,"column":0},"end":{"line":49,"column":11}},"49":{"start":{"line":50,"column":0},"end":{"line":50,"column":30}},"51":{"start":{"line":52,"column":0},"end":{"line":52,"column":21}},"52":{"start":{"line":53,"column":0},"end":{"line":53,"column":13}},"53":{"start":{"line":54,"column":0},"end":{"line":54,"column":20}},"54":{"start":{"line":55,"column":0},"end":{"line":55,"column":17}},"55":{"start":{"line":56,"column":0},"end":{"line":56,"column":73}},"56":{"start":{"line":57,"column":0},"end":{"line":57,"column":7}},"58":{"start":{"line":59,"column":0},"end":{"line":59,"column":10}},"59":{"start":{"line":60,"column":0},"end":{"line":60,"column":53}},"60":{"start":{"line":61,"column":0},"end":{"line":61,"column":16}},"61":{"start":{"line":62,"column":0},"end":{"line":62,"column":34}},"63":{"start":{"line":64,"column":0},"end":{"line":64,"column":1}},"65":{"start":{"line":66,"column":0},"end":{"line":66,"column":47}},"66":{"start":{"line":67,"column":0},"end":{"line":67,"column":45}},"67":{"start":{"line":68,"column":0},"end":{"line":68,"column":11}},"68":{"start":{"line":69,"column":0},"end":{"line":69,"column":20}},"69":{"start":{"line":70,"column":0},"end":{"line":70,"column":69}},"70":{"start":{"line":71,"column":0},"end":{"line":71,"column":6}},"71":{"start":{"line":72,"column":0},"end":{"line":72,"column":13}},"72":{"start":{"line":73,"column":0},"end":{"line":73,"column":1}}},"s":{"0":1,"3":1,"5":1,"7":1,"8":9,"9":9,"10":9,"13":9,"14":9,"15":9,"18":9,"19":6,"20":6,"21":6,"23":8,"24":8,"44":1,"45":105,"46":105,"47":105,"48":105,"49":105,"51":105,"52":105,"53":0,"54":0,"55":0,"56":0,"58":105,"59":105,"60":105,"61":105,"63":105,"65":1,"66":200,"67":200,"68":200,"69":4,"70":4,"71":195,"72":195},"branchMap":{"0":{"type":"branch","line":8,"loc":{"start":{"line":8,"column":7},"end":{"line":25,"column":1}},"locations":[{"start":{"line":8,"column":7},"end":{"line":25,"column":1}}]},"1":{"type":"branch","line":19,"loc":{"start":{"line":19,"column":6},"end":{"line":19,"column":37}},"locations":[{"start":{"line":19,"column":6},"end":{"line":19,"column":37}}]},"2":{"type":"branch","line":19,"loc":{"start":{"line":19,"column":37},"end":{"line":22,"column":3}},"locations":[{"start":{"line":19,"column":37},"end":{"line":22,"column":3}}]},"3":{"type":"branch","line":22,"loc":{"start":{"line":22,"column":2},"end":{"line":25,"column":1}},"locations":[{"start":{"line":22,"column":2},"end":{"line":25,"column":1}}]},"4":{"type":"branch","line":45,"loc":{"start":{"line":45,"column":7},"end":{"line":64,"column":1}},"locations":[{"start":{"line":45,"column":7},"end":{"line":64,"column":1}}]},"5":{"type":"branch","line":53,"loc":{"start":{"line":53,"column":4},"end":{"line":57,"column":7}},"locations":[{"start":{"line":53,"column":4},"end":{"line":57,"column":7}}]},"6":{"type":"branch","line":66,"loc":{"start":{"line":66,"column":7},"end":{"line":73,"column":1}},"locations":[{"start":{"line":66,"column":7},"end":{"line":73,"column":1}}]},"7":{"type":"branch","line":69,"loc":{"start":{"line":69,"column":4},"end":{"line":71,"column":6}},"locations":[{"start":{"line":69,"column":4},"end":{"line":71,"column":6}}]},"8":{"type":"branch","line":71,"loc":{"start":{"line":71,"column":4},"end":{"line":73,"column":1}},"locations":[{"start":{"line":71,"column":4},"end":{"line":73,"column":1}}]}},"b":{"0":[9],"1":[7],"2":[6],"3":[8],"4":[105],"5":[0],"6":[200],"7":[4],"8":[195]},"fnMap":{"0":{"name":"HydrationBoundary","decl":{"start":{"line":8,"column":7},"end":{"line":25,"column":1}},"loc":{"start":{"line":8,"column":7},"end":{"line":25,"column":1}},"line":8},"1":{"name":"QueryClientProvider","decl":{"start":{"line":45,"column":7},"end":{"line":64,"column":1}},"loc":{"start":{"line":45,"column":7},"end":{"line":64,"column":1}},"line":45},"2":{"name":"useQueryClient","decl":{"start":{"line":66,"column":7},"end":{"line":73,"column":1}},"loc":{"start":{"line":66,"column":7},"end":{"line":73,"column":1}},"line":66}},"f":{"0":9,"1":105,"2":200}}
,"/Users/newexpand/Documents/pro-monorepo/next-type-fetch-all/next-type-fetch/packages/react/src/hooks/use-mutation.ts": {"path":"/Users/newexpand/Documents/pro-monorepo/next-type-fetch-all/next-type-fetch/packages/react/src/hooks/use-mutation.ts","all":false,"statementMap":{"0":{"start":{"line":1,"column":0},"end":{"line":1,"column":56}},"8":{"start":{"line":9,"column":0},"end":{"line":9,"column":58}},"15":{"start":{"line":16,"column":0},"end":{"line":16,"column":65}},"16":{"start":{"line":17,"column":0},"end":{"line":17,"column":36}},"17":{"start":{"line":18,"column":0},"end":{"line":18,"column":63}},"115":{"start":{"line":116,"column":0},"end":{"line":116,"column":69}},"119":{"start":{"line":120,"column":0},"end":{"line":120,"column":7}},"120":{"start":{"line":121,"column":0},"end":{"line":121,"column":18}},"121":{"start":{"line":122,"column":0},"end":{"line":122,"column":14}},"122":{"start":{"line":123,"column":0},"end":{"line":123,"column":19}},"123":{"start":{"line":124,"column":0},"end":{"line":124,"column":19}},"124":{"start":{"line":125,"column":0},"end":{"line":125,"column":17}},"125":{"start":{"line":126,"column":0},"end":{"line":126,"column":3}},"130":{"start":{"line":131,"column":0},"end":{"line":131,"column":29}},"131":{"start":{"line":132,"column":0},"end":{"line":132,"column":10}},"132":{"start":{"line":133,"column":0},"end":{"line":133,"column":50}},"133":{"start":{"line":134,"column":0},"end":{"line":134,"column":63}},"134":{"start":{"line":135,"column":0},"end":{"line":135,"column":1}},"139":{"start":{"line":140,"column":0},"end":{"line":140,"column":31}},"140":{"start":{"line":141,"column":0},"end":{"line":141,"column":54}},"141":{"start":{"line":142,"column":0},"end":{"line":142,"column":9}},"142":{"start":{"line":143,"column":0},"end":{"line":143,"column":33}},"143":{"start":{"line":144,"column":0},"end":{"line":144,"column":1}},"148":{"start":{"line":149,"column":0},"end":{"line":149,"column":64}},"149":{"start":{"line":150,"column":0},"end":{"line":150,"column":27}},"151":{"start":{"line":152,"column":0},"end":{"line":152,"column":7}},"152":{"start":{"line":153,"column":0},"end":{"line":153,"column":30}},"153":{"start":{"line":154,"column":0},"end":{"line":154,"column":15}},"154":{"start":{"line":155,"column":0},"end":{"line":155,"column":34}},"155":{"start":{"line":156,"column":0},"end":{"line":156,"column":37}},"156":{"start":{"line":157,"column":0},"end":{"line":157,"column":40}},"157":{"start":{"line":158,"column":0},"end":{"line":158,"column":51}},"158":{"start":{"line":159,"column":0},"end":{"line":159,"column":40}},"159":{"start":{"line":160,"column":0},"end":{"line":160,"column":23}},"160":{"start":{"line":161,"column":0},"end":{"line":161,"column":15}},"161":{"start":{"line":162,"column":0},"end":{"line":162,"column":47}},"162":{"start":{"line":163,"column":0},"end":{"line":163,"column":46}},"163":{"start":{"line":164,"column":0},"end":{"line":164,"column":28}},"164":{"start":{"line":165,"column":0},"end":{"line":165,"column":5}},"165":{"start":{"line":166,"column":0},"end":{"line":166,"column":12}},"166":{"start":{"line":167,"column":0},"end":{"line":167,"column":3}},"167":{"start":{"line":168,"column":0},"end":{"line":168,"column":1}},"172":{"start":{"line":173,"column":0},"end":{"line":173,"column":34}},"173":{"start":{"line":174,"column":0},"end":{"line":174,"column":54}},"174":{"start":{"line":175,"column":0},"end":{"line":175,"column":61}},"175":{"start":{"line":176,"column":0},"end":{"line":176,"column":60}},"176":{"start":{"line":177,"column":0},"end":{"line":177,"column":76}},"177":{"start":{"line":178,"column":0},"end":{"line":178,"column":33}},"179":{"start":{"line":180,"column":0},"end":{"line":180,"column":80}},"181":{"start":{"line":182,"column":0},"end":{"line":182,"column":47}},"182":{"start":{"line":183,"column":0},"end":{"line":183,"column":40}},"183":{"start":{"line":184,"column":0},"end":{"line":184,"column":31}},"184":{"start":{"line":185,"column":0},"end":{"line":185,"column":7}},"185":{"start":{"line":186,"column":0},"end":{"line":186,"column":12}},"186":{"start":{"line":187,"column":0},"end":{"line":187,"column":37}},"187":{"start":{"line":188,"column":0},"end":{"line":188,"column":29}},"188":{"start":{"line":189,"column":0},"end":{"line":189,"column":7}},"189":{"start":{"line":190,"column":0},"end":{"line":190,"column":6}},"191":{"start":{"line":192,"column":0},"end":{"line":192,"column":58}},"192":{"start":{"line":193,"column":0},"end":{"line":193,"column":25}},"193":{"start":{"line":194,"column":0},"end":{"line":194,"column":4}},"194":{"start":{"line":195,"column":0},"end":{"line":195,"column":1}},"199":{"start":{"line":200,"column":0},"end":{"line":200,"column":38}},"200":{"start":{"line":201,"column":0},"end":{"line":201,"column":54}},"201":{"start":{"line":202,"column":0},"end":{"line":202,"column":61}},"202":{"start":{"line":203,"column":0},"end":{"line":203,"column":32}},"204":{"start":{"line":205,"column":0},"end":{"line":205,"column":38}},"205":{"start":{"line":206,"column":0},"end":{"line":206,"column":29}},"206":{"start":{"line":207,"column":0},"end":{"line":207,"column":3}},"208":{"start":{"line":209,"column":0},"end":{"line":209,"column":42}},"209":{"start":{"line":210,"column":0},"end":{"line":210,"column":1}},"214":{"start":{"line":215,"column":0},"end":{"line":215,"column":33}},"215":{"start":{"line":216,"column":0},"end":{"line":216,"column":62}},"216":{"start":{"line":217,"column":0},"end":{"line":217,"column":27}},"217":{"start":{"line":218,"column":0},"end":{"line":218,"column":43}},"218":{"start":{"line":219,"column":0},"end":{"line":219,"column":65}},"220":{"start":{"line":221,"column":0},"end":{"line":221,"column":52}},"221":{"start":{"line":222,"column":0},"end":{"line":222,"column":15}},"222":{"start":{"line":223,"column":0},"end":{"line":223,"column":5}},"223":{"start":{"line":224,"column":0},"end":{"line":224,"column":1}},"228":{"start":{"line":229,"column":0},"end":{"line":229,"column":39}},"229":{"start":{"line":230,"column":0},"end":{"line":230,"column":31}},"230":{"start":{"line":231,"column":0},"end":{"line":231,"column":12}},"231":{"start":{"line":232,"column":0},"end":{"line":232,"column":17}},"232":{"start":{"line":233,"column":0},"end":{"line":233,"column":15}},"233":{"start":{"line":234,"column":0},"end":{"line":234,"column":48}},"234":{"start":{"line":235,"column":0},"end":{"line":235,"column":18}},"235":{"start":{"line":236,"column":0},"end":{"line":236,"column":39}},"237":{"start":{"line":238,"column":0},"end":{"line":238,"column":35}},"239":{"start":{"line":240,"column":0},"end":{"line":240,"column":44}},"240":{"start":{"line":241,"column":0},"end":{"line":241,"column":47}},"241":{"start":{"line":242,"column":0},"end":{"line":242,"column":11}},"242":{"start":{"line":243,"column":0},"end":{"line":243,"column":16}},"243":{"start":{"line":244,"column":0},"end":{"line":244,"column":13}},"244":{"start":{"line":245,"column":0},"end":{"line":245,"column":20}},"245":{"start":{"line":246,"column":0},"end":{"line":246,"column":10}},"246":{"start":{"line":247,"column":0},"end":{"line":247,"column":61}},"247":{"start":{"line":248,"column":0},"end":{"line":248,"column":3}},"249":{"start":{"line":250,"column":0},"end":{"line":250,"column":34}},"250":{"start":{"line":251,"column":0},"end":{"line":251,"column":44}},"251":{"start":{"line":252,"column":0},"end":{"line":252,"column":46}},"252":{"start":{"line":253,"column":0},"end":{"line":253,"column":7}},"253":{"start":{"line":254,"column":0},"end":{"line":254,"column":3}},"254":{"start":{"line":255,"column":0},"end":{"line":255,"column":1}},"259":{"start":{"line":260,"column":0},"end":{"line":260,"column":68}},"260":{"start":{"line":261,"column":0},"end":{"line":261,"column":14}},"261":{"start":{"line":262,"column":0},"end":{"line":262,"column":24}},"262":{"start":{"line":263,"column":0},"end":{"line":263,"column":32}},"263":{"start":{"line":264,"column":0},"end":{"line":264,"column":12}},"275":{"start":{"line":276,"column":0},"end":{"line":276,"column":18}},"276":{"start":{"line":277,"column":0},"end":{"line":277,"column":30}},"277":{"start":{"line":278,"column":0},"end":{"line":278,"column":58}},"278":{"start":{"line":279,"column":0},"end":{"line":279,"column":3}},"279":{"start":{"line":280,"column":0},"end":{"line":280,"column":31}},"280":{"start":{"line":281,"column":0},"end":{"line":281,"column":53}},"281":{"start":{"line":282,"column":0},"end":{"line":282,"column":3}},"282":{"start":{"line":283,"column":0},"end":{"line":283,"column":1}},"287":{"start":{"line":288,"column":0},"end":{"line":288,"column":67}},"288":{"start":{"line":289,"column":0},"end":{"line":289,"column":16}},"289":{"start":{"line":290,"column":0},"end":{"line":290,"column":24}},"290":{"start":{"line":291,"column":0},"end":{"line":291,"column":32}},"291":{"start":{"line":292,"column":0},"end":{"line":292,"column":12}},"303":{"start":{"line":304,"column":0},"end":{"line":304,"column":18}},"304":{"start":{"line":305,"column":0},"end":{"line":305,"column":28}},"305":{"start":{"line":306,"column":0},"end":{"line":306,"column":57}},"306":{"start":{"line":307,"column":0},"end":{"line":307,"column":3}},"307":{"start":{"line":308,"column":0},"end":{"line":308,"column":29}},"308":{"start":{"line":309,"column":0},"end":{"line":309,"column":52}},"309":{"start":{"line":310,"column":0},"end":{"line":310,"column":3}},"310":{"start":{"line":311,"column":0},"end":{"line":311,"column":1}},"315":{"start":{"line":316,"column":0},"end":{"line":316,"column":76}},"316":{"start":{"line":317,"column":0},"end":{"line":317,"column":26}},"317":{"start":{"line":318,"column":0},"end":{"line":318,"column":23}},"318":{"start":{"line":319,"column":0},"end":{"line":319,"column":24}},"319":{"start":{"line":320,"column":0},"end":{"line":320,"column":32}},"320":{"start":{"line":321,"column":0},"end":{"line":321,"column":12}},"334":{"start":{"line":335,"column":0},"end":{"line":335,"column":18}},"335":{"start":{"line":336,"column":0},"end":{"line":336,"column":30}},"336":{"start":{"line":337,"column":0},"end":{"line":337,"column":65}},"337":{"start":{"line":338,"column":0},"end":{"line":338,"column":3}},"338":{"start":{"line":339,"column":0},"end":{"line":339,"column":31}},"339":{"start":{"line":340,"column":0},"end":{"line":340,"column":60}},"340":{"start":{"line":341,"column":0},"end":{"line":341,"column":3}},"341":{"start":{"line":342,"column":0},"end":{"line":342,"column":1}},"375":{"start":{"line":376,"column":0},"end":{"line":376,"column":28}},"376":{"start":{"line":377,"column":0},"end":{"line":377,"column":51}},"377":{"start":{"line":378,"column":0},"end":{"line":378,"column":45}},"378":{"start":{"line":379,"column":0},"end":{"line":379,"column":37}},"379":{"start":{"line":380,"column":0},"end":{"line":380,"column":39}},"381":{"start":{"line":382,"column":0},"end":{"line":382,"column":62}},"383":{"start":{"line":384,"column":0},"end":{"line":384,"column":34}},"385":{"start":{"line":386,"column":0},"end":{"line":386,"column":27}},"386":{"start":{"line":387,"column":0},"end":{"line":387,"column":10}},"388":{"start":{"line":389,"column":0},"end":{"line":389,"column":58}},"389":{"start":{"line":390,"column":0},"end":{"line":390,"column":3}},"391":{"start":{"line":392,"column":0},"end":{"line":392,"column":60}},"392":{"start":{"line":393,"column":0},"end":{"line":393,"column":1}},"395":{"start":{"line":396,"column":0},"end":{"line":396,"column":30}},"401":{"start":{"line":402,"column":0},"end":{"line":402,"column":67}},"402":{"start":{"line":403,"column":0},"end":{"line":403,"column":48}},"403":{"start":{"line":404,"column":0},"end":{"line":404,"column":49}},"404":{"start":{"line":405,"column":0},"end":{"line":405,"column":43}},"406":{"start":{"line":407,"column":0},"end":{"line":407,"column":39}},"407":{"start":{"line":408,"column":0},"end":{"line":408,"column":5}},"408":{"start":{"line":409,"column":0},"end":{"line":409,"column":58}},"409":{"start":{"line":410,"column":0},"end":{"line":410,"column":55}},"410":{"start":{"line":411,"column":0},"end":{"line":411,"column":52}},"411":{"start":{"line":412,"column":0},"end":{"line":412,"column":28}},"412":{"start":{"line":413,"column":0},"end":{"line":413,"column":22}},"413":{"start":{"line":414,"column":0},"end":{"line":414,"column":18}},"414":{"start":{"line":415,"column":0},"end":{"line":415,"column":25}},"415":{"start":{"line":416,"column":0},"end":{"line":416,"column":28}},"416":{"start":{"line":417,"column":0},"end":{"line":417,"column":29}},"417":{"start":{"line":418,"column":0},"end":{"line":418,"column":27}},"418":{"start":{"line":419,"column":0},"end":{"line":419,"column":24}},"419":{"start":{"line":420,"column":0},"end":{"line":420,"column":12}},"420":{"start":{"line":421,"column":0},"end":{"line":421,"column":23}},"421":{"start":{"line":422,"column":0},"end":{"line":422,"column":18}},"422":{"start":{"line":423,"column":0},"end":{"line":423,"column":25}},"423":{"start":{"line":424,"column":0},"end":{"line":424,"column":29}},"424":{"start":{"line":425,"column":0},"end":{"line":425,"column":28}},"425":{"start":{"line":426,"column":0},"end":{"line":426,"column":27}},"426":{"start":{"line":427,"column":0},"end":{"line":427,"column":30}},"427":{"start":{"line":428,"column":0},"end":{"line":428,"column":24}},"428":{"start":{"line":429,"column":0},"end":{"line":429,"column":12}},"429":{"start":{"line":430,"column":0},"end":{"line":430,"column":21}},"430":{"start":{"line":431,"column":0},"end":{"line":431,"column":18}},"431":{"start":{"line":432,"column":0},"end":{"line":432,"column":25}},"432":{"start":{"line":433,"column":0},"end":{"line":433,"column":29}},"433":{"start":{"line":434,"column":0},"end":{"line":434,"column":29}},"434":{"start":{"line":435,"column":0},"end":{"line":435,"column":26}},"435":{"start":{"line":436,"column":0},"end":{"line":436,"column":32}},"436":{"start":{"line":437,"column":0},"end":{"line":437,"column":12}},"437":{"start":{"line":438,"column":0},"end":{"line":438,"column":21}},"438":{"start":{"line":439,"column":0},"end":{"line":439,"column":35}},"439":{"start":{"line":440,"column":0},"end":{"line":440,"column":16}},"440":{"start":{"line":441,"column":0},"end":{"line":441,"column":27}},"441":{"start":{"line":442,"column":0},"end":{"line":442,"column":7}},"442":{"start":{"line":443,"column":0},"end":{"line":443,"column":6}},"443":{"start":{"line":444,"column":0},"end":{"line":444,"column":48}},"444":{"start":{"line":445,"column":0},"end":{"line":445,"column":4}},"446":{"start":{"line":447,"column":0},"end":{"line":447,"column":40}},"447":{"start":{"line":448,"column":0},"end":{"line":448,"column":34}},"449":{"start":{"line":450,"column":0},"end":{"line":450,"column":37}},"450":{"start":{"line":451,"column":0},"end":{"line":451,"column":11}},"451":{"start":{"line":452,"column":0},"end":{"line":452,"column":28}},"452":{"start":{"line":453,"column":0},"end":{"line":453,"column":28}},"470":{"start":{"line":471,"column":0},"end":{"line":471,"column":26}},"471":{"start":{"line":472,"column":0},"end":{"line":472,"column":46}},"472":{"start":{"line":473,"column":0},"end":{"line":473,"column":47}},"474":{"start":{"line":475,"column":0},"end":{"line":475,"column":11}},"476":{"start":{"line":477,"column":0},"end":{"line":477,"column":58}},"477":{"start":{"line":478,"column":0},"end":{"line":478,"column":25}},"478":{"start":{"line":479,"column":0},"end":{"line":479,"column":48}},"479":{"start":{"line":480,"column":0},"end":{"line":480,"column":9}},"482":{"start":{"line":483,"column":0},"end":{"line":483,"column":80}},"483":{"start":{"line":484,"column":0},"end":{"line":484,"column":44}},"486":{"start":{"line":487,"column":0},"end":{"line":487,"column":77}},"487":{"start":{"line":488,"column":0},"end":{"line":488,"column":57}},"488":{"start":{"line":489,"column":0},"end":{"line":489,"column":56}},"489":{"start":{"line":490,"column":0},"end":{"line":490,"column":11}},"492":{"start":{"line":493,"column":0},"end":{"line":493,"column":38}},"493":{"start":{"line":494,"column":0},"end":{"line":494,"column":50}},"494":{"start":{"line":495,"column":0},"end":{"line":495,"column":15}},"495":{"start":{"line":496,"column":0},"end":{"line":496,"column":20}},"496":{"start":{"line":497,"column":0},"end":{"line":497,"column":30}},"497":{"start":{"line":498,"column":0},"end":{"line":498,"column":21}},"498":{"start":{"line":499,"column":0},"end":{"line":499,"column":10}},"501":{"start":{"line":502,"column":0},"end":{"line":502,"column":38}},"502":{"start":{"line":503,"column":0},"end":{"line":503,"column":15}},"503":{"start":{"line":504,"column":0},"end":{"line":504,"column":15}},"504":{"start":{"line":505,"column":0},"end":{"line":505,"column":20}},"505":{"start":{"line":506,"column":0},"end":{"line":506,"column":30}},"506":{"start":{"line":507,"column":0},"end":{"line":507,"column":11}},"507":{"start":{"line":508,"column":0},"end":{"line":508,"column":59}},"508":{"start":{"line":509,"column":0},"end":{"line":509,"column":58}},"509":{"start":{"line":510,"column":0},"end":{"line":510,"column":11}},"510":{"start":{"line":511,"column":0},"end":{"line":511,"column":10}},"512":{"start":{"line":513,"column":0},"end":{"line":513,"column":20}},"513":{"start":{"line":514,"column":0},"end":{"line":514,"column":21}},"514":{"start":{"line":515,"column":0},"end":{"line":515,"column":36}},"515":{"start":{"line":516,"column":0},"end":{"line":516,"column":43}},"518":{"start":{"line":519,"column":0},"end":{"line":519,"column":76}},"519":{"start":{"line":520,"column":0},"end":{"line":520,"column":53}},"520":{"start":{"line":521,"column":0},"end":{"line":521,"column":52}},"521":{"start":{"line":522,"column":0},"end":{"line":522,"column":11}},"524":{"start":{"line":525,"column":0},"end":{"line":525,"column":38}},"525":{"start":{"line":526,"column":0},"end":{"line":526,"column":20}},"526":{"start":{"line":527,"column":0},"end":{"line":527,"column":16}},"527":{"start":{"line":528,"column":0},"end":{"line":528,"column":20}},"528":{"start":{"line":529,"column":0},"end":{"line":529,"column":30}},"529":{"start":{"line":530,"column":0},"end":{"line":530,"column":11}},"530":{"start":{"line":531,"column":0},"end":{"line":531,"column":59}},"531":{"start":{"line":532,"column":0},"end":{"line":532,"column":58}},"532":{"start":{"line":533,"column":0},"end":{"line":533,"column":11}},"533":{"start":{"line":534,"column":0},"end":{"line":534,"column":10}},"535":{"start":{"line":536,"column":0},"end":{"line":536,"column":20}},"536":{"start":{"line":537,"column":0},"end":{"line":537,"column":7}},"537":{"start":{"line":538,"column":0},"end":{"line":538,"column":6}},"538":{"start":{"line":539,"column":0},"end":{"line":539,"column":26}},"539":{"start":{"line":540,"column":0},"end":{"line":540,"column":4}},"541":{"start":{"line":542,"column":0},"end":{"line":542,"column":18}},"542":{"start":{"line":543,"column":0},"end":{"line":543,"column":26}},"543":{"start":{"line":544,"column":0},"end":{"line":544,"column":15}},"561":{"start":{"line":562,"column":0},"end":{"line":562,"column":8}},"562":{"start":{"line":563,"column":0},"end":{"line":563,"column":52}},"564":{"start":{"line":565,"column":0},"end":{"line":565,"column":7}},"565":{"start":{"line":566,"column":0},"end":{"line":566,"column":4}},"567":{"start":{"line":568,"column":0},"end":{"line":568,"column":34}},"568":{"start":{"line":569,"column":0},"end":{"line":569,"column":5}},"569":{"start":{"line":570,"column":0},"end":{"line":570,"column":28}},"570":{"start":{"line":571,"column":0},"end":{"line":571,"column":17}},"588":{"start":{"line":589,"column":0},"end":{"line":589,"column":26}},"589":{"start":{"line":590,"column":0},"end":{"line":590,"column":48}},"590":{"start":{"line":591,"column":0},"end":{"line":591,"column":6}},"591":{"start":{"line":592,"column":0},"end":{"line":592,"column":20}},"592":{"start":{"line":593,"column":0},"end":{"line":593,"column":4}},"594":{"start":{"line":595,"column":0},"end":{"line":595,"column":35}},"595":{"start":{"line":596,"column":0},"end":{"line":596,"column":32}},"596":{"start":{"line":597,"column":0},"end":{"line":597,"column":9}},"598":{"start":{"line":599,"column":0},"end":{"line":599,"column":50}},"599":{"start":{"line":600,"column":0},"end":{"line":600,"column":1}}},"s":{"0":1,"8":1,"15":1,"16":1,"17":1,"115":1,"119":64,"120":64,"121":64,"122":64,"123":64,"124":64,"125":64,"130":70,"131":70,"132":70,"133":70,"134":70,"139":31,"140":31,"141":31,"142":31,"143":31,"148":11,"149":11,"151":9,"152":9,"153":11,"154":1,"155":1,"156":1,"157":1,"158":1,"159":1,"160":1,"161":1,"162":1,"163":1,"164":1,"165":0,"166":0,"167":11,"172":23,"173":23,"174":23,"175":23,"176":11,"177":11,"179":11,"181":11,"182":11,"183":11,"184":11,"185":11,"186":11,"187":11,"188":11,"189":11,"191":11,"192":9,"193":11,"194":23,"199":31,"200":31,"201":31,"202":31,"204":31,"205":0,"206":0,"208":23,"209":23,"214":31,"215":31,"216":31,"217":31,"218":31,"220":31,"221":31,"222":31,"223":31,"228":21,"229":21,"230":21,"231":21,"232":21,"233":21,"234":21,"235":21,"237":10,"239":21,"240":3,"241":3,"242":3,"243":3,"244":3,"245":11,"246":7,"247":7,"249":10,"250":10,"251":16,"252":10,"253":10,"254":21,"259":21,"260":21,"261":21,"262":21,"263":21,"275":21,"276":21,"277":7,"278":7,"279":21,"280":1,"281":1,"282":21,"287":5,"288":5,"289":5,"290":5,"291":5,"303":5,"304":5,"305":1,"306":1,"307":5,"308":1,"309":1,"310":5,"315":26,"316":26,"317":26,"318":26,"319":26,"320":26,"334":26,"335":26,"336":2,"337":2,"338":26,"339":2,"340":2,"341":26,"375":1,"376":70,"377":70,"378":70,"379":70,"381":70,"383":70,"385":39,"386":70,"388":31,"389":31,"391":62,"392":62,"395":62,"401":62,"402":62,"403":62,"404":62,"406":62,"407":62,"408":54,"409":54,"410":54,"411":54,"412":54,"413":26,"414":26,"415":26,"416":26,"417":26,"418":26,"419":26,"420":54,"421":21,"422":21,"423":21,"424":21,"425":21,"426":21,"427":21,"428":21,"429":54,"430":5,"431":5,"432":5,"433":5,"434":5,"435":5,"436":5,"437":54,"438":2,"439":54,"440":0,"441":54,"442":54,"443":62,"444":62,"446":62,"447":62,"449":62,"450":62,"451":26,"452":26,"470":26,"471":26,"472":26,"474":26,"476":26,"477":26,"478":2,"479":2,"482":26,"483":21,"486":21,"487":21,"488":26,"489":26,"492":21,"493":21,"494":21,"495":21,"496":21,"497":21,"498":21,"501":21,"502":21,"503":21,"504":21,"505":21,"506":21,"507":21,"508":26,"509":26,"510":26,"512":21,"513":26,"514":5,"515":5,"518":5,"519":5,"520":5,"521":5,"524":5,"525":5,"526":5,"527":5,"528":5,"529":5,"530":5,"531":5,"532":5,"533":5,"535":5,"536":5,"537":26,"538":62,"539":62,"541":62,"542":23,"543":23,"561":23,"562":23,"564":23,"565":23,"567":62,"568":62,"569":3,"570":3,"588":3,"589":3,"590":3,"591":62,"592":62,"594":62,"595":2,"596":62,"598":62,"599":62},"branchMap":{"0":{"type":"branch","line":116,"loc":{"start":{"line":116,"column":24},"end":{"line":126,"column":3}},"locations":[{"start":{"line":116,"column":24},"end":{"line":126,"column":3}}]},"1":{"type":"branch","line":131,"loc":{"start":{"line":131,"column":0},"end":{"line":135,"column":1}},"locations":[{"start":{"line":131,"column":0},"end":{"line":135,"column":1}}]},"2":{"type":"branch","line":134,"loc":{"start":{"line":134,"column":34},"end":{"line":134,"column":51}},"locations":[{"start":{"line":134,"column":34},"end":{"line":134,"column":51}}]},"3":{"type":"branch","line":134,"loc":{"start":{"line":134,"column":44},"end":{"line":134,"column":63}},"locations":[{"start":{"line":134,"column":44},"end":{"line":134,"column":63}}]},"4":{"type":"branch","line":140,"loc":{"start":{"line":140,"column":0},"end":{"line":144,"column":1}},"locations":[{"start":{"line":140,"column":0},"end":{"line":144,"column":1}}]},"5":{"type":"branch","line":149,"loc":{"start":{"line":149,"column":0},"end":{"line":168,"column":1}},"locations":[{"start":{"line":149,"column":0},"end":{"line":168,"column":1}}]},"6":{"type":"branch","line":150,"loc":{"start":{"line":150,"column":15},"end":{"line":150,"column":27}},"locations":[{"start":{"line":150,"column":15},"end":{"line":150,"column":27}}]},"7":{"type":"branch","line":150,"loc":{"start":{"line":150,"column":22},"end":{"line":154,"column":11}},"locations":[{"start":{"line":150,"column":22},"end":{"line":154,"column":11}}]},"8":{"type":"branch","line":154,"loc":{"start":{"line":154,"column":2},"end":{"line":167,"column":3}},"locations":[{"start":{"line":154,"column":2},"end":{"line":167,"column":3}}]},"9":{"type":"branch","line":165,"loc":{"start":{"line":165,"column":4},"end":{"line":167,"column":3}},"locations":[{"start":{"line":165,"column":4},"end":{"line":167,"column":3}}]},"10":{"type":"branch","line":159,"loc":{"start":{"line":159,"column":15},"end":{"line":159,"column":39}},"locations":[{"start":{"line":159,"column":15},"end":{"line":159,"column":39}}]},"11":{"type":"branch","line":173,"loc":{"start":{"line":173,"column":0},"end":{"line":195,"column":1}},"locations":[{"start":{"line":173,"column":0},"end":{"line":195,"column":1}}]},"12":{"type":"branch","line":176,"loc":{"start":{"line":176,"column":9},"end":{"line":194,"column":4}},"locations":[{"start":{"line":176,"column":9},"end":{"line":194,"column":4}}]},"13":{"type":"branch","line":177,"loc":{"start":{"line":177,"column":37},"end":{"line":177,"column":65}},"locations":[{"start":{"line":177,"column":37},"end":{"line":177,"column":65}}]},"14":{"type":"branch","line":177,"loc":{"start":{"line":177,"column":61},"end":{"line":177,"column":76}},"locations":[{"start":{"line":177,"column":61},"end":{"line":177,"column":76}}]},"15":{"type":"branch","line":184,"loc":{"start":{"line":184,"column":13},"end":{"line":184,"column":31}},"locations":[{"start":{"line":184,"column":13},"end":{"line":184,"column":31}}]},"16":{"type":"branch","line":192,"loc":{"start":{"line":192,"column":56},"end":{"line":193,"column":25}},"locations":[{"start":{"line":192,"column":56},"end":{"line":193,"column":25}}]},"17":{"type":"branch","line":200,"loc":{"start":{"line":200,"column":0},"end":{"line":210,"column":1}},"locations":[{"start":{"line":200,"column":0},"end":{"line":210,"column":1}}]},"18":{"type":"branch","line":205,"loc":{"start":{"line":205,"column":37},"end":{"line":207,"column":3}},"locations":[{"start":{"line":205,"column":37},"end":{"line":207,"column":3}}]},"19":{"type":"branch","line":207,"loc":{"start":{"line":207,"column":2},"end":{"line":210,"column":1}},"locations":[{"start":{"line":207,"column":2},"end":{"line":210,"column":1}}]},"20":{"type":"branch","line":215,"loc":{"start":{"line":215,"column":0},"end":{"line":224,"column":1}},"locations":[{"start":{"line":215,"column":0},"end":{"line":224,"column":1}}]},"21":{"type":"branch","line":229,"loc":{"start":{"line":229,"column":0},"end":{"line":255,"column":1}},"locations":[{"start":{"line":229,"column":0},"end":{"line":255,"column":1}}]},"22":{"type":"branch","line":236,"loc":{"start":{"line":236,"column":32},"end":{"line":236,"column":39}},"locations":[{"start":{"line":236,"column":32},"end":{"line":236,"column":39}}]},"23":{"type":"branch","line":236,"loc":{"start":{"line":236,"column":32},"end":{"line":240,"column":43}},"locations":[{"start":{"line":236,"column":32},"end":{"line":240,"column":43}}]},"24":{"type":"branch","line":240,"loc":{"start":{"line":240,"column":43},"end":{"line":248,"column":3}},"locations":[{"start":{"line":240,"column":43},"end":{"line":248,"column":3}}]},"25":{"type":"branch","line":240,"loc":{"start":{"line":240,"column":43},"end":{"line":246,"column":9}},"locations":[{"start":{"line":240,"column":43},"end":{"line":246,"column":9}}]},"26":{"type":"branch","line":246,"loc":{"start":{"line":246,"column":2},"end":{"line":248,"column":3}},"locations":[{"start":{"line":246,"column":2},"end":{"line":248,"column":3}}]},"27":{"type":"branch","line":248,"loc":{"start":{"line":248,"column":2},"end":{"line":254,"column":3}},"locations":[{"start":{"line":248,"column":2},"end":{"line":254,"column":3}}]},"28":{"type":"branch","line":251,"loc":{"start":{"line":251,"column":29},"end":{"line":253,"column":5}},"locations":[{"start":{"line":251,"column":29},"end":{"line":253,"column":5}}]},"29":{"type":"branch","line":260,"loc":{"start":{"line":260,"column":0},"end":{"line":283,"column":1}},"locations":[{"start":{"line":260,"column":0},"end":{"line":283,"column":1}}]},"30":{"type":"branch","line":277,"loc":{"start":{"line":277,"column":29},"end":{"line":279,"column":3}},"locations":[{"start":{"line":277,"column":29},"end":{"line":279,"column":3}}]},"31":{"type":"branch","line":280,"loc":{"start":{"line":280,"column":30},"end":{"line":282,"column":3}},"locations":[{"start":{"line":280,"column":30},"end":{"line":282,"column":3}}]},"32":{"type":"branch","line":288,"loc":{"start":{"line":288,"column":0},"end":{"line":311,"column":1}},"locations":[{"start":{"line":288,"column":0},"end":{"line":311,"column":1}}]},"33":{"type":"branch","line":305,"loc":{"start":{"line":305,"column":27},"end":{"line":307,"column":3}},"locations":[{"start":{"line":305,"column":27},"end":{"line":307,"column":3}}]},"34":{"type":"branch","line":308,"loc":{"start":{"line":308,"column":28},"end":{"line":310,"column":3}},"locations":[{"start":{"line":308,"column":28},"end":{"line":310,"column":3}}]},"35":{"type":"branch","line":316,"loc":{"start":{"line":316,"column":0},"end":{"line":342,"column":1}},"locations":[{"start":{"line":316,"column":0},"end":{"line":342,"column":1}}]},"36":{"type":"branch","line":336,"loc":{"start":{"line":336,"column":29},"end":{"line":338,"column":3}},"locations":[{"start":{"line":336,"column":29},"end":{"line":338,"column":3}}]},"37":{"type":"branch","line":339,"loc":{"start":{"line":339,"column":30},"end":{"line":341,"column":3}},"locations":[{"start":{"line":339,"column":30},"end":{"line":341,"column":3}}]},"38":{"type":"branch","line":376,"loc":{"start":{"line":376,"column":7},"end":{"line":393,"column":1}},"locations":[{"start":{"line":376,"column":7},"end":{"line":393,"column":1}}]},"39":{"type":"branch","line":384,"loc":{"start":{"line":384,"column":33},"end":{"line":387,"column":9}},"locations":[{"start":{"line":384,"column":33},"end":{"line":387,"column":9}}]},"40":{"type":"branch","line":387,"loc":{"start":{"line":387,"column":2},"end":{"line":390,"column":3}},"locations":[{"start":{"line":387,"column":2},"end":{"line":390,"column":3}}]},"41":{"type":"branch","line":390,"loc":{"start":{"line":390,"column":2},"end":{"line":393,"column":1}},"locations":[{"start":{"line":390,"column":2},"end":{"line":393,"column":1}}]},"42":{"type":"branch","line":396,"loc":{"start":{"line":396,"column":0},"end":{"line":600,"column":1}},"locations":[{"start":{"line":396,"column":0},"end":{"line":600,"column":1}}]},"43":{"type":"branch","line":408,"loc":{"start":{"line":408,"column":4},"end":{"line":443,"column":6}},"locations":[{"start":{"line":408,"column":4},"end":{"line":443,"column":6}}]},"44":{"type":"branch","line":413,"loc":{"start":{"line":413,"column":8},"end":{"line":420,"column":12}},"locations":[{"start":{"line":413,"column":8},"end":{"line":420,"column":12}}]},"45":{"type":"branch","line":421,"loc":{"start":{"line":421,"column":8},"end":{"line":429,"column":12}},"locations":[{"start":{"line":421,"column":8},"end":{"line":429,"column":12}}]},"46":{"type":"branch","line":430,"loc":{"start":{"line":430,"column":8},"end":{"line":437,"column":12}},"locations":[{"start":{"line":430,"column":8},"end":{"line":437,"column":12}}]},"47":{"type":"branch","line":438,"loc":{"start":{"line":438,"column":8},"end":{"line":439,"column":35}},"locations":[{"start":{"line":438,"column":8},"end":{"line":439,"column":35}}]},"48":{"type":"branch","line":440,"loc":{"start":{"line":440,"column":8},"end":{"line":441,"column":27}},"locations":[{"start":{"line":440,"column":8},"end":{"line":441,"column":27}}]},"49":{"type":"branch","line":451,"loc":{"start":{"line":451,"column":4},"end":{"line":538,"column":6}},"locations":[{"start":{"line":451,"column":4},"end":{"line":538,"column":6}}]},"50":{"type":"branch","line":478,"loc":{"start":{"line":478,"column":24},"end":{"line":480,"column":9}},"locations":[{"start":{"line":478,"column":24},"end":{"line":480,"column":9}}]},"51":{"type":"branch","line":483,"loc":{"start":{"line":483,"column":78},"end":{"line":489,"column":46}},"locations":[{"start":{"line":483,"column":78},"end":{"line":489,"column":46}}]},"52":{"type":"branch","line":489,"loc":{"start":{"line":489,"column":26},"end":{"line":489,"column":56}},"locations":[{"start":{"line":489,"column":26},"end":{"line":489,"column":56}}]},"53":{"type":"branch","line":490,"loc":{"start":{"line":490,"column":9},"end":{"line":509,"column":48}},"locations":[{"start":{"line":490,"column":9},"end":{"line":509,"column":48}}]},"54":{"type":"branch","line":509,"loc":{"start":{"line":509,"column":28},"end":{"line":509,"column":58}},"locations":[{"start":{"line":509,"column":28},"end":{"line":509,"column":58}}]},"55":{"type":"branch","line":511,"loc":{"start":{"line":511,"column":8},"end":{"line":514,"column":15}},"locations":[{"start":{"line":511,"column":8},"end":{"line":514,"column":15}}]},"56":{"type":"branch","line":514,"loc":{"start":{"line":514,"column":6},"end":{"line":537,"column":7}},"locations":[{"start":{"line":514,"column":6},"end":{"line":537,"column":7}}]},"57":{"type":"branch","line":521,"loc":{"start":{"line":521,"column":24},"end":{"line":521,"column":52}},"locations":[{"start":{"line":521,"column":24},"end":{"line":521,"column":52}}]},"58":{"type":"branch","line":532,"loc":{"start":{"line":532,"column":28},"end":{"line":532,"column":58}},"locations":[{"start":{"line":532,"column":28},"end":{"line":532,"column":58}}]},"59":{"type":"branch","line":542,"loc":{"start":{"line":542,"column":17},"end":{"line":566,"column":4}},"locations":[{"start":{"line":542,"column":17},"end":{"line":566,"column":4}}]},"60":{"type":"branch","line":563,"loc":{"start":{"line":563,"column":45},"end":{"line":565,"column":5}},"locations":[{"start":{"line":563,"column":45},"end":{"line":565,"column":5}}]},"61":{"type":"branch","line":569,"loc":{"start":{"line":569,"column":4},"end":{"line":591,"column":6}},"locations":[{"start":{"line":569,"column":4},"end":{"line":591,"column":6}}]},"62":{"type":"branch","line":595,"loc":{"start":{"line":595,"column":28},"end":{"line":597,"column":5}},"locations":[{"start":{"line":595,"column":28},"end":{"line":597,"column":5}}]}},"b":{"0":[64],"1":[70],"2":[43],"3":[39],"4":[31],"5":[11],"6":[2],"7":[9],"8":[1],"9":[0],"10":[2],"11":[23],"12":[11],"13":[4],"14":[7],"15":[10],"16":[9],"17":[31],"18":[0],"19":[23],"20":[31],"21":[21],"22":[11],"23":[10],"24":[11],"25":[3],"26":[7],"27":[10],"28":[16],"29":[21],"30":[7],"31":[1],"32":[5],"33":[1],"34":[1],"35":[26],"36":[2],"37":[2],"38":[70],"39":[39],"40":[31],"41":[62],"42":[62],"43":[54],"44":[26],"45":[21],"46":[5],"47":[2],"48":[0],"49":[26],"50":[2],"51":[21],"52":[1],"53":[21],"54":[1],"55":[21],"56":[5],"57":[1],"58":[1],"59":[23],"60":[4],"61":[3],"62":[2]},"fnMap":{"0":{"name":"getInitialState","decl":{"start":{"line":116,"column":24},"end":{"line":126,"column":3}},"loc":{"start":{"line":116,"column":24},"end":{"line":126,"column":3}},"line":116},"1":{"name":"isOptionsBasedUsage","decl":{"start":{"line":131,"column":0},"end":{"line":135,"column":1}},"loc":{"start":{"line":131,"column":0},"end":{"line":135,"column":1}},"line":131},"2":{"name":"validateFactoryConfig","decl":{"start":{"line":140,"column":0},"end":{"line":144,"column":1}},"loc":{"start":{"line":140,"column":0},"end":{"line":144,"column":1}},"line":140},"3":{"name":"validateRequestData","decl":{"start":{"line":149,"column":0},"end":{"line":168,"column":1}},"loc":{"start":{"line":149,"column":0},"end":{"line":168,"column":1}},"line":149},"4":{"name":"createUrlBasedMutationFn","decl":{"start":{"line":173,"column":0},"end":{"line":195,"column":1}},"loc":{"start":{"line":173,"column":0},"end":{"line":195,"column":1}},"line":173},"5":{"name":"extractMutationFnFromFactory","decl":{"start":{"line":200,"column":0},"end":{"line":210,"column":1}},"loc":{"start":{"line":200,"column":0},"end":{"line":210,"column":1}},"line":200},"6":{"name":"convertFactoryToOptions","decl":{"start":{"line":215,"column":0},"end":{"line":224,"column":1}},"loc":{"start":{"line":215,"column":0},"end":{"line":224,"column":1}},"line":215},"7":{"name":"handleInvalidateQueries","decl":{"start":{"line":229,"column":0},"end":{"line":255,"column":1}},"loc":{"start":{"line":229,"column":0},"end":{"line":255,"column":1}},"line":229},"8":{"name":"executeSuccessCallbacks","decl":{"start":{"line":260,"column":0},"end":{"line":283,"column":1}},"loc":{"start":{"line":260,"column":0},"end":{"line":283,"column":1}},"line":260},"9":{"name":"executeErrorCallbacks","decl":{"start":{"line":288,"column":0},"end":{"line":311,"column":1}},"loc":{"start":{"line":288,"column":0},"end":{"line":311,"column":1}},"line":288},"10":{"name":"executeSettledCallbacks","decl":{"start":{"line":316,"column":0},"end":{"line":342,"column":1}},"loc":{"start":{"line":316,"column":0},"end":{"line":342,"column":1}},"line":316},"11":{"name":"useMutation","decl":{"start":{"line":376,"column":7},"end":{"line":393,"column":1}},"loc":{"start":{"line":376,"column":7},"end":{"line":393,"column":1}},"line":376},"12":{"name":"_useMutationInternal","decl":{"start":{"line":396,"column":0},"end":{"line":600,"column":1}},"loc":{"start":{"line":396,"column":0},"end":{"line":600,"column":1}},"line":396},"13":{"name":"mutate","decl":{"start":{"line":542,"column":17},"end":{"line":566,"column":4}},"loc":{"start":{"line":542,"column":17},"end":{"line":566,"column":4}},"line":542}},"f":{"0":64,"1":70,"2":31,"3":11,"4":23,"5":31,"6":31,"7":21,"8":21,"9":5,"10":26,"11":70,"12":62,"13":23}}
,"/Users/newexpand/Documents/pro-monorepo/next-type-fetch-all/next-type-fetch/packages/react/src/hooks/use-query.ts": {"path":"/Users/newexpand/Documents/pro-monorepo/next-type-fetch-all/next-type-fetch/packages/react/src/hooks/use-query.ts","all":false,"statementMap":{"0":{"start":{"line":1,"column":0},"end":{"line":1,"column":77}},"3":{"start":{"line":4,"column":0},"end":{"line":4,"column":62}},"4":{"start":{"line":5,"column":0},"end":{"line":5,"column":58}},"6":{"start":{"line":7,"column":0},"end":{"line":7,"column":62}},"7":{"start":{"line":8,"column":0},"end":{"line":8,"column":8}},"104":{"start":{"line":105,"column":0},"end":{"line":105,"column":54}},"106":{"start":{"line":107,"column":0},"end":{"line":107,"column":6}},"107":{"start":{"line":108,"column":0},"end":{"line":108,"column":21}},"108":{"start":{"line":109,"column":0},"end":{"line":109,"column":28}},"109":{"start":{"line":110,"column":0},"end":{"line":110,"column":56}},"110":{"start":{"line":111,"column":0},"end":{"line":111,"column":5}},"111":{"start":{"line":112,"column":0},"end":{"line":112,"column":48}},"114":{"start":{"line":115,"column":0},"end":{"line":115,"column":31}},"116":{"start":{"line":117,"column":0},"end":{"line":117,"column":31}},"117":{"start":{"line":118,"column":0},"end":{"line":118,"column":34}},"118":{"start":{"line":119,"column":0},"end":{"line":119,"column":46}},"119":{"start":{"line":120,"column":0},"end":{"line":120,"column":36}},"120":{"start":{"line":121,"column":0},"end":{"line":121,"column":34}},"121":{"start":{"line":122,"column":0},"end":{"line":122,"column":32}},"122":{"start":{"line":123,"column":0},"end":{"line":123,"column":77}},"123":{"start":{"line":124,"column":0},"end":{"line":124,"column":65}},"124":{"start":{"line":125,"column":0},"end":{"line":125,"column":50}},"125":{"start":{"line":126,"column":0},"end":{"line":126,"column":43}},"126":{"start":{"line":127,"column":0},"end":{"line":127,"column":47}},"127":{"start":{"line":128,"column":0},"end":{"line":128,"column":33}},"128":{"start":{"line":129,"column":0},"end":{"line":129,"column":55}},"129":{"start":{"line":130,"column":0},"end":{"line":130,"column":50}},"131":{"start":{"line":132,"column":0},"end":{"line":132,"column":30}},"132":{"start":{"line":133,"column":0},"end":{"line":133,"column":15}},"133":{"start":{"line":134,"column":0},"end":{"line":134,"column":17}},"134":{"start":{"line":135,"column":0},"end":{"line":135,"column":14}},"135":{"start":{"line":136,"column":0},"end":{"line":136,"column":15}},"136":{"start":{"line":137,"column":0},"end":{"line":137,"column":10}},"137":{"start":{"line":138,"column":0},"end":{"line":138,"column":14}},"138":{"start":{"line":139,"column":0},"end":{"line":139,"column":13}},"139":{"start":{"line":140,"column":0},"end":{"line":140,"column":13}},"140":{"start":{"line":141,"column":0},"end":{"line":141,"column":22}},"141":{"start":{"line":142,"column":0},"end":{"line":142,"column":18}},"142":{"start":{"line":143,"column":0},"end":{"line":143,"column":13}},"143":{"start":{"line":144,"column":0},"end":{"line":144,"column":7}},"144":{"start":{"line":145,"column":0},"end":{"line":145,"column":3}},"146":{"start":{"line":147,"column":0},"end":{"line":147,"column":28}},"147":{"start":{"line":148,"column":0},"end":{"line":148,"column":12}},"148":{"start":{"line":149,"column":0},"end":{"line":149,"column":5}},"149":{"start":{"line":150,"column":0},"end":{"line":150,"column":1}},"151":{"start":{"line":152,"column":0},"end":{"line":152,"column":53}},"152":{"start":{"line":153,"column":0},"end":{"line":153,"column":29}},"153":{"start":{"line":154,"column":0},"end":{"line":154,"column":30}},"155":{"start":{"line":156,"column":0},"end":{"line":156,"column":31}},"157":{"start":{"line":158,"column":0},"end":{"line":158,"column":39}},"158":{"start":{"line":159,"column":0},"end":{"line":159,"column":73}},"159":{"start":{"line":160,"column":0},"end":{"line":160,"column":44}},"162":{"start":{"line":163,"column":0},"end":{"line":163,"column":62}},"163":{"start":{"line":164,"column":0},"end":{"line":164,"column":20}},"164":{"start":{"line":165,"column":0},"end":{"line":165,"column":21}},"165":{"start":{"line":166,"column":0},"end":{"line":166,"column":20}},"166":{"start":{"line":167,"column":0},"end":{"line":167,"column":21}},"167":{"start":{"line":168,"column":0},"end":{"line":168,"column":19}},"168":{"start":{"line":169,"column":0},"end":{"line":169,"column":21}},"169":{"start":{"line":170,"column":0},"end":{"line":170,"column":18}},"170":{"start":{"line":171,"column":0},"end":{"line":171,"column":29}},"171":{"start":{"line":172,"column":0},"end":{"line":172,"column":22}},"172":{"start":{"line":173,"column":0},"end":{"line":173,"column":5}},"175":{"start":{"line":176,"column":0},"end":{"line":176,"column":67}},"176":{"start":{"line":177,"column":0},"end":{"line":177,"column":29}},"177":{"start":{"line":178,"column":0},"end":{"line":178,"column":30}},"178":{"start":{"line":179,"column":0},"end":{"line":179,"column":20}},"179":{"start":{"line":180,"column":0},"end":{"line":180,"column":26}},"180":{"start":{"line":181,"column":0},"end":{"line":181,"column":28}},"181":{"start":{"line":182,"column":0},"end":{"line":182,"column":32}},"182":{"start":{"line":183,"column":0},"end":{"line":183,"column":26}},"184":{"start":{"line":185,"column":0},"end":{"line":185,"column":6}},"185":{"start":{"line":186,"column":0},"end":{"line":186,"column":43}},"186":{"start":{"line":187,"column":0},"end":{"line":187,"column":4}},"188":{"start":{"line":189,"column":0},"end":{"line":189,"column":49}},"189":{"start":{"line":190,"column":0},"end":{"line":190,"column":22}},"190":{"start":{"line":191,"column":0},"end":{"line":191,"column":67}},"193":{"start":{"line":194,"column":0},"end":{"line":194,"column":29}},"194":{"start":{"line":195,"column":0},"end":{"line":195,"column":64}},"195":{"start":{"line":196,"column":0},"end":{"line":196,"column":17}},"196":{"start":{"line":197,"column":0},"end":{"line":197,"column":28}},"197":{"start":{"line":198,"column":0},"end":{"line":198,"column":34}},"198":{"start":{"line":199,"column":0},"end":{"line":199,"column":41}},"199":{"start":{"line":200,"column":0},"end":{"line":200,"column":28}},"201":{"start":{"line":202,"column":0},"end":{"line":202,"column":36}},"202":{"start":{"line":203,"column":0},"end":{"line":203,"column":17}},"203":{"start":{"line":204,"column":0},"end":{"line":204,"column":28}},"204":{"start":{"line":205,"column":0},"end":{"line":205,"column":34}},"205":{"start":{"line":206,"column":0},"end":{"line":206,"column":41}},"206":{"start":{"line":207,"column":0},"end":{"line":207,"column":3}},"209":{"start":{"line":210,"column":0},"end":{"line":210,"column":59}},"210":{"start":{"line":211,"column":0},"end":{"line":211,"column":52}},"211":{"start":{"line":212,"column":0},"end":{"line":212,"column":9}},"214":{"start":{"line":215,"column":0},"end":{"line":215,"column":41}},"215":{"start":{"line":216,"column":0},"end":{"line":216,"column":31}},"217":{"start":{"line":218,"column":0},"end":{"line":218,"column":38}},"218":{"start":{"line":219,"column":0},"end":{"line":219,"column":5}},"222":{"start":{"line":223,"column":0},"end":{"line":223,"column":50}},"223":{"start":{"line":224,"column":0},"end":{"line":224,"column":9}},"226":{"start":{"line":227,"column":0},"end":{"line":227,"column":38}},"227":{"start":{"line":228,"column":0},"end":{"line":228,"column":14}},"228":{"start":{"line":229,"column":0},"end":{"line":229,"column":16}},"229":{"start":{"line":230,"column":0},"end":{"line":230,"column":42}},"230":{"start":{"line":231,"column":0},"end":{"line":231,"column":4}},"233":{"start":{"line":234,"column":0},"end":{"line":234,"column":19}},"234":{"start":{"line":235,"column":0},"end":{"line":235,"column":18}},"235":{"start":{"line":236,"column":0},"end":{"line":236,"column":37}},"236":{"start":{"line":237,"column":0},"end":{"line":237,"column":6}},"237":{"start":{"line":238,"column":0},"end":{"line":238,"column":9}},"239":{"start":{"line":240,"column":0},"end":{"line":240,"column":16}},"240":{"start":{"line":241,"column":0},"end":{"line":241,"column":1}}},"s":{"0":1,"3":1,"4":1,"6":1,"7":1,"104":1,"106":122,"107":122,"108":122,"109":122,"110":122,"111":46,"114":46,"116":46,"117":46,"118":46,"119":46,"120":46,"121":46,"122":46,"123":46,"124":46,"125":46,"126":2,"127":44,"128":6,"129":38,"131":46,"132":46,"133":46,"134":46,"135":46,"136":46,"137":46,"138":46,"139":46,"140":46,"141":46,"142":46,"143":46,"144":46,"146":76,"147":76,"148":76,"149":76,"151":122,"152":122,"153":122,"155":122,"157":122,"158":122,"159":122,"162":122,"163":122,"164":122,"165":122,"166":122,"167":122,"168":122,"169":122,"170":122,"171":122,"172":122,"175":122,"176":114,"177":114,"178":114,"179":114,"180":114,"181":114,"182":114,"184":114,"185":114,"186":114,"188":122,"189":122,"190":122,"193":122,"194":59,"195":59,"196":59,"197":59,"198":59,"199":114,"201":1,"202":1,"203":1,"204":1,"205":1,"206":1,"209":114,"210":59,"211":114,"214":114,"215":399,"217":0,"218":0,"222":399,"223":114,"226":114,"227":114,"228":114,"229":114,"230":114,"233":114,"234":59,"235":59,"236":59,"237":114,"239":114,"240":114},"branchMap":{"0":{"type":"branch","line":105,"loc":{"start":{"line":105,"column":7},"end":{"line":150,"column":1}},"locations":[{"start":{"line":105,"column":7},"end":{"line":150,"column":1}}]},"1":{"type":"branch","line":111,"loc":{"start":{"line":111,"column":4},"end":{"line":145,"column":3}},"locations":[{"start":{"line":111,"column":4},"end":{"line":145,"column":3}}]},"2":{"type":"branch","line":117,"loc":{"start":{"line":117,"column":20},"end":{"line":117,"column":31}},"locations":[{"start":{"line":117,"column":20},"end":{"line":117,"column":31}}]},"3":{"type":"branch","line":120,"loc":{"start":{"line":120,"column":22},"end":{"line":120,"column":36}},"locations":[{"start":{"line":120,"column":22},"end":{"line":120,"column":36}}]},"4":{"type":"branch","line":125,"loc":{"start":{"line":125,"column":27},"end":{"line":125,"column":50}},"locations":[{"start":{"line":125,"column":27},"end":{"line":125,"column":50}}]},"5":{"type":"branch","line":126,"loc":{"start":{"line":126,"column":42},"end":{"line":127,"column":47}},"locations":[{"start":{"line":126,"column":42},"end":{"line":127,"column":47}}]},"6":{"type":"branch","line":127,"loc":{"start":{"line":127,"column":16},"end":{"line":130,"column":50}},"locations":[{"start":{"line":127,"column":16},"end":{"line":130,"column":50}}]},"7":{"type":"branch","line":128,"loc":{"start":{"line":128,"column":32},"end":{"line":129,"column":55}},"locations":[{"start":{"line":128,"column":32},"end":{"line":129,"column":55}}]},"8":{"type":"branch","line":129,"loc":{"start":{"line":129,"column":28},"end":{"line":130,"column":50}},"locations":[{"start":{"line":129,"column":28},"end":{"line":130,"column":50}}]},"9":{"type":"branch","line":145,"loc":{"start":{"line":145,"column":2},"end":{"line":150,"column":1}},"locations":[{"start":{"line":145,"column":2},"end":{"line":150,"column":1}}]},"10":{"type":"branch","line":152,"loc":{"start":{"line":152,"column":0},"end":{"line":241,"column":1}},"locations":[{"start":{"line":152,"column":0},"end":{"line":241,"column":1}}]},"11":{"type":"branch","line":191,"loc":{"start":{"line":191,"column":17},"end":{"line":191,"column":67}},"locations":[{"start":{"line":191,"column":17},"end":{"line":191,"column":67}}]},"12":{"type":"branch","line":194,"loc":{"start":{"line":194,"column":28},"end":{"line":241,"column":1}},"locations":[{"start":{"line":194,"column":28},"end":{"line":241,"column":1}}]},"13":{"type":"branch","line":194,"loc":{"start":{"line":194,"column":28},"end":{"line":200,"column":13}},"locations":[{"start":{"line":194,"column":28},"end":{"line":200,"column":13}}]},"14":{"type":"branch","line":200,"loc":{"start":{"line":200,"column":2},"end":{"line":207,"column":3}},"locations":[{"start":{"line":200,"column":2},"end":{"line":207,"column":3}}]},"15":{"type":"branch","line":200,"loc":{"start":{"line":200,"column":27},"end":{"line":207,"column":3}},"locations":[{"start":{"line":200,"column":27},"end":{"line":207,"column":3}}]},"16":{"type":"branch","line":176,"loc":{"start":{"line":176,"column":28},"end":{"line":187,"column":4}},"locations":[{"start":{"line":176,"column":28},"end":{"line":187,"column":4}}]},"17":{"type":"branch","line":210,"loc":{"start":{"line":210,"column":32},"end":{"line":212,"column":5}},"locations":[{"start":{"line":210,"column":32},"end":{"line":212,"column":5}}]},"18":{"type":"branch","line":215,"loc":{"start":{"line":215,"column":34},"end":{"line":224,"column":5}},"locations":[{"start":{"line":215,"column":34},"end":{"line":224,"column":5}}]},"19":{"type":"branch","line":216,"loc":{"start":{"line":216,"column":30},"end":{"line":219,"column":5}},"locations":[{"start":{"line":216,"column":30},"end":{"line":219,"column":5}}]},"20":{"type":"branch","line":234,"loc":{"start":{"line":234,"column":12},"end":{"line":238,"column":5}},"locations":[{"start":{"line":234,"column":12},"end":{"line":238,"column":5}}]},"21":{"type":"branch","line":235,"loc":{"start":{"line":235,"column":11},"end":{"line":237,"column":6}},"locations":[{"start":{"line":235,"column":11},"end":{"line":237,"column":6}}]}},"b":{"0":[122],"1":[46],"2":[0],"3":[38],"4":[42],"5":[2],"6":[44],"7":[6],"8":[38],"9":[76],"10":[122],"11":[55],"12":[114],"13":[59],"14":[55],"15":[1],"16":[114],"17":[59],"18":[399],"19":[0],"20":[59],"21":[59]},"fnMap":{"0":{"name":"useQuery","decl":{"start":{"line":105,"column":7},"end":{"line":150,"column":1}},"loc":{"start":{"line":105,"column":7},"end":{"line":150,"column":1}},"line":105},"1":{"name":"_useQueryObserver","decl":{"start":{"line":152,"column":0},"end":{"line":241,"column":1}},"loc":{"start":{"line":152,"column":0},"end":{"line":241,"column":1}},"line":152},"2":{"name":"refetch","decl":{"start":{"line":172,"column":13},"end":{"line":172,"column":22}},"loc":{"start":{"line":172,"column":13},"end":{"line":172,"column":22}},"line":172},"3":{"name":"createOptionsHash","decl":{"start":{"line":176,"column":28},"end":{"line":187,"column":4}},"loc":{"start":{"line":176,"column":28},"end":{"line":187,"column":4}},"line":176}},"f":{"0":122,"1":122,"2":0,"3":114}}
}
